2015-10-19 23:26:59,633 [INFO] from play.core.server.NettyServer in play-fork-run-akka.actor.default-dispatcher-9 - Listening for HTTP on /0:0:0:0:0:0:0:0:9000
2015-10-19 23:32:45,086 [ERROR] from application in New I/O worker #1 - 

! @6nohc5ehm - Internal server error, for (POST) [/load] ->
 
play.api.http.HttpErrorHandlerExceptions$$anon$1: Execution exception[[PrivilegedActionException: null]]
	at play.api.http.HttpErrorHandlerExceptions$.throwableToUsefulException(HttpErrorHandler.scala:265) ~[play_2.11-2.4.3.jar:2.4.3]
	at play.api.http.DefaultHttpErrorHandler.onServerError(HttpErrorHandler.scala:191) ~[play_2.11-2.4.3.jar:2.4.3]
	at play.core.server.Server$class.logExceptionAndGetResult$1(Server.scala:50) [play-server_2.11-2.4.3.jar:2.4.3]
	at play.core.server.Server$$anonfun$getHandlerFor$4.apply(Server.scala:59) [play-server_2.11-2.4.3.jar:2.4.3]
	at play.core.server.Server$$anonfun$getHandlerFor$4.apply(Server.scala:57) [play-server_2.11-2.4.3.jar:2.4.3]
	at scala.util.Either$RightProjection.flatMap(Either.scala:522) [scala-library-2.11.6.jar:na]
	at play.core.server.Server$class.getHandlerFor(Server.scala:57) [play-server_2.11-2.4.3.jar:2.4.3]
	at play.core.server.NettyServer.getHandlerFor(NettyServer.scala:33) [play-netty-server_2.11-2.4.3.jar:2.4.3]
	at play.core.server.netty.PlayDefaultUpstreamHandler$$anonfun$8.apply(PlayDefaultUpstreamHandler.scala:139) [play-netty-server_2.11-2.4.3.jar:2.4.3]
	at play.core.server.netty.PlayDefaultUpstreamHandler$$anonfun$8.apply(PlayDefaultUpstreamHandler.scala:139) [play-netty-server_2.11-2.4.3.jar:2.4.3]
	at scala.util.Either.fold(Either.scala:99) [scala-library-2.11.6.jar:na]
	at play.core.server.netty.PlayDefaultUpstreamHandler.messageReceived(PlayDefaultUpstreamHandler.scala:127) [play-netty-server_2.11-2.4.3.jar:2.4.3]
	at org.jboss.netty.channel.SimpleChannelUpstreamHandler.handleUpstream(SimpleChannelUpstreamHandler.java:70) [netty-3.10.4.Final.jar:na]
	at org.jboss.netty.channel.DefaultChannelPipeline.sendUpstream(DefaultChannelPipeline.java:564) [netty-3.10.4.Final.jar:na]
	at org.jboss.netty.channel.DefaultChannelPipeline$DefaultChannelHandlerContext.sendUpstream(DefaultChannelPipeline.java:791) [netty-3.10.4.Final.jar:na]
	at com.typesafe.netty.http.pipelining.HttpPipeliningHandler.messageReceived(HttpPipeliningHandler.java:62) [netty-http-pipelining-1.1.4.jar:na]
	at org.jboss.netty.channel.SimpleChannelHandler.handleUpstream(SimpleChannelHandler.java:88) [netty-3.10.4.Final.jar:na]
	at org.jboss.netty.channel.DefaultChannelPipeline.sendUpstream(DefaultChannelPipeline.java:564) [netty-3.10.4.Final.jar:na]
	at org.jboss.netty.channel.DefaultChannelPipeline$DefaultChannelHandlerContext.sendUpstream(DefaultChannelPipeline.java:791) [netty-3.10.4.Final.jar:na]
	at org.jboss.netty.handler.codec.http.HttpContentDecoder.messageReceived(HttpContentDecoder.java:108) [netty-3.10.4.Final.jar:na]
	at org.jboss.netty.channel.SimpleChannelUpstreamHandler.handleUpstream(SimpleChannelUpstreamHandler.java:70) [netty-3.10.4.Final.jar:na]
	at org.jboss.netty.channel.DefaultChannelPipeline.sendUpstream(DefaultChannelPipeline.java:564) [netty-3.10.4.Final.jar:na]
	at org.jboss.netty.channel.DefaultChannelPipeline$DefaultChannelHandlerContext.sendUpstream(DefaultChannelPipeline.java:791) [netty-3.10.4.Final.jar:na]
	at org.jboss.netty.channel.Channels.fireMessageReceived(Channels.java:296) [netty-3.10.4.Final.jar:na]
	at org.jboss.netty.handler.codec.frame.FrameDecoder.unfoldAndFireMessageReceived(FrameDecoder.java:459) [netty-3.10.4.Final.jar:na]
	at org.jboss.netty.handler.codec.replay.ReplayingDecoder.callDecode(ReplayingDecoder.java:536) [netty-3.10.4.Final.jar:na]
	at org.jboss.netty.handler.codec.replay.ReplayingDecoder.messageReceived(ReplayingDecoder.java:435) [netty-3.10.4.Final.jar:na]
	at org.jboss.netty.channel.SimpleChannelUpstreamHandler.handleUpstream(SimpleChannelUpstreamHandler.java:70) [netty-3.10.4.Final.jar:na]
	at org.jboss.netty.channel.DefaultChannelPipeline.sendUpstream(DefaultChannelPipeline.java:564) [netty-3.10.4.Final.jar:na]
	at org.jboss.netty.channel.DefaultChannelPipeline.sendUpstream(DefaultChannelPipeline.java:559) [netty-3.10.4.Final.jar:na]
	at org.jboss.netty.channel.Channels.fireMessageReceived(Channels.java:268) [netty-3.10.4.Final.jar:na]
	at org.jboss.netty.channel.Channels.fireMessageReceived(Channels.java:255) [netty-3.10.4.Final.jar:na]
	at org.jboss.netty.channel.socket.nio.NioWorker.read(NioWorker.java:88) [netty-3.10.4.Final.jar:na]
	at org.jboss.netty.channel.socket.nio.AbstractNioWorker.process(AbstractNioWorker.java:108) [netty-3.10.4.Final.jar:na]
	at org.jboss.netty.channel.socket.nio.AbstractNioSelector.run(AbstractNioSelector.java:337) [netty-3.10.4.Final.jar:na]
	at org.jboss.netty.channel.socket.nio.AbstractNioWorker.run(AbstractNioWorker.java:89) [netty-3.10.4.Final.jar:na]
	at org.jboss.netty.channel.socket.nio.NioWorker.run(NioWorker.java:178) [netty-3.10.4.Final.jar:na]
	at org.jboss.netty.util.ThreadRenamingRunnable.run(ThreadRenamingRunnable.java:108) [netty-3.10.4.Final.jar:na]
	at org.jboss.netty.util.internal.DeadLockProofWorker$1.run(DeadLockProofWorker.java:42) [netty-3.10.4.Final.jar:na]
	at java.util.concurrent.ThreadPoolExecutor.runWorker(ThreadPoolExecutor.java:1142) [na:1.8.0_60]
	at java.util.concurrent.ThreadPoolExecutor$Worker.run(ThreadPoolExecutor.java:617) [na:1.8.0_60]
	at java.lang.Thread.run(Thread.java:745) [na:1.8.0_60]
Caused by: java.security.PrivilegedActionException: null
	at java.security.AccessController.doPrivileged(Native Method) ~[na:1.8.0_60]
	at play.runsupport.Reloader$.play$runsupport$Reloader$$withReloaderContextClassLoader(Reloader.scala:39) ~[na:na]
	at play.runsupport.Reloader.reload(Reloader.scala:321) ~[na:na]
	at play.core.server.DevServerStart$$anonfun$mainDev$1$$anon$1$$anonfun$get$1.apply(DevServerStart.scala:113) ~[play-server_2.11-2.4.3.jar:2.4.3]
	at play.core.server.DevServerStart$$anonfun$mainDev$1$$anon$1$$anonfun$get$1.apply(DevServerStart.scala:111) ~[play-server_2.11-2.4.3.jar:2.4.3]
	at scala.concurrent.impl.Future$PromiseCompletingRunnable.liftedTree1$1(Future.scala:24) ~[scala-library-2.11.6.jar:na]
	at scala.concurrent.impl.Future$PromiseCompletingRunnable.run(Future.scala:24) ~[scala-library-2.11.6.jar:na]
	at java.util.concurrent.ForkJoinTask$RunnableExecuteAction.exec(ForkJoinTask.java:1402) ~[na:1.8.0_60]
	at java.util.concurrent.ForkJoinTask.doExec(ForkJoinTask.java:289) ~[na:1.8.0_60]
	at java.util.concurrent.ForkJoinPool$WorkQueue.runTask(ForkJoinPool.java:1056) ~[na:1.8.0_60]
	at java.util.concurrent.ForkJoinPool.runWorker(ForkJoinPool.java:1692) ~[na:1.8.0_60]
	at java.util.concurrent.ForkJoinWorkerThread.run(ForkJoinWorkerThread.java:157) ~[na:1.8.0_60]
Caused by: akka.pattern.AskTimeoutException: Ask timed out on [Actor[akka://play-fork-run/user/fork-run#267252570]] after [300000 ms]
	at akka.pattern.PromiseActorRef$$anonfun$1.apply$mcV$sp(AskSupport.scala:333) ~[akka-actor_2.11-2.3.13.jar:na]
	at akka.actor.Scheduler$$anon$7.run(Scheduler.scala:117) ~[akka-actor_2.11-2.3.13.jar:na]
	at scala.concurrent.Future$InternalCallbackExecutor$.unbatchedExecute(Future.scala:599) ~[scala-library-2.11.6.jar:na]
	at scala.concurrent.BatchingExecutor$class.execute(BatchingExecutor.scala:109) ~[scala-library-2.11.6.jar:na]
	at scala.concurrent.Future$InternalCallbackExecutor$.execute(Future.scala:597) ~[scala-library-2.11.6.jar:na]
	at akka.actor.LightArrayRevolverScheduler$TaskHolder.executeTask(Scheduler.scala:467) ~[akka-actor_2.11-2.3.13.jar:na]
	at akka.actor.LightArrayRevolverScheduler$$anon$8.executeBucket$1(Scheduler.scala:419) ~[akka-actor_2.11-2.3.13.jar:na]
	at akka.actor.LightArrayRevolverScheduler$$anon$8.nextTick(Scheduler.scala:423) ~[akka-actor_2.11-2.3.13.jar:na]
	at akka.actor.LightArrayRevolverScheduler$$anon$8.run(Scheduler.scala:375) ~[akka-actor_2.11-2.3.13.jar:na]
	at java.lang.Thread.run(Thread.java:745) [na:1.8.0_60]
2015-10-19 23:43:34,285 [ERROR] from application in New I/O worker #2 - 

! @6nohdgd28 - Internal server error, for (POST) [/load] ->
 
play.api.http.HttpErrorHandlerExceptions$$anon$1: Execution exception[[PrivilegedActionException: null]]
	at play.api.http.HttpErrorHandlerExceptions$.throwableToUsefulException(HttpErrorHandler.scala:265) ~[play_2.11-2.4.3.jar:2.4.3]
	at play.api.http.DefaultHttpErrorHandler.onServerError(HttpErrorHandler.scala:191) ~[play_2.11-2.4.3.jar:2.4.3]
	at play.core.server.Server$class.logExceptionAndGetResult$1(Server.scala:50) [play-server_2.11-2.4.3.jar:2.4.3]
	at play.core.server.Server$$anonfun$getHandlerFor$4.apply(Server.scala:59) [play-server_2.11-2.4.3.jar:2.4.3]
	at play.core.server.Server$$anonfun$getHandlerFor$4.apply(Server.scala:57) [play-server_2.11-2.4.3.jar:2.4.3]
	at scala.util.Either$RightProjection.flatMap(Either.scala:522) [scala-library-2.11.6.jar:na]
	at play.core.server.Server$class.getHandlerFor(Server.scala:57) [play-server_2.11-2.4.3.jar:2.4.3]
	at play.core.server.NettyServer.getHandlerFor(NettyServer.scala:33) [play-netty-server_2.11-2.4.3.jar:2.4.3]
	at play.core.server.netty.PlayDefaultUpstreamHandler$$anonfun$8.apply(PlayDefaultUpstreamHandler.scala:139) [play-netty-server_2.11-2.4.3.jar:2.4.3]
	at play.core.server.netty.PlayDefaultUpstreamHandler$$anonfun$8.apply(PlayDefaultUpstreamHandler.scala:139) [play-netty-server_2.11-2.4.3.jar:2.4.3]
	at scala.util.Either.fold(Either.scala:99) [scala-library-2.11.6.jar:na]
	at play.core.server.netty.PlayDefaultUpstreamHandler.messageReceived(PlayDefaultUpstreamHandler.scala:127) [play-netty-server_2.11-2.4.3.jar:2.4.3]
	at org.jboss.netty.channel.SimpleChannelUpstreamHandler.handleUpstream(SimpleChannelUpstreamHandler.java:70) [netty-3.10.4.Final.jar:na]
	at org.jboss.netty.channel.DefaultChannelPipeline.sendUpstream(DefaultChannelPipeline.java:564) [netty-3.10.4.Final.jar:na]
	at org.jboss.netty.channel.DefaultChannelPipeline$DefaultChannelHandlerContext.sendUpstream(DefaultChannelPipeline.java:791) [netty-3.10.4.Final.jar:na]
	at com.typesafe.netty.http.pipelining.HttpPipeliningHandler.messageReceived(HttpPipeliningHandler.java:62) [netty-http-pipelining-1.1.4.jar:na]
	at org.jboss.netty.channel.SimpleChannelHandler.handleUpstream(SimpleChannelHandler.java:88) [netty-3.10.4.Final.jar:na]
	at org.jboss.netty.channel.DefaultChannelPipeline.sendUpstream(DefaultChannelPipeline.java:564) [netty-3.10.4.Final.jar:na]
	at org.jboss.netty.channel.DefaultChannelPipeline$DefaultChannelHandlerContext.sendUpstream(DefaultChannelPipeline.java:791) [netty-3.10.4.Final.jar:na]
	at org.jboss.netty.handler.codec.http.HttpContentDecoder.messageReceived(HttpContentDecoder.java:108) [netty-3.10.4.Final.jar:na]
	at org.jboss.netty.channel.SimpleChannelUpstreamHandler.handleUpstream(SimpleChannelUpstreamHandler.java:70) [netty-3.10.4.Final.jar:na]
	at org.jboss.netty.channel.DefaultChannelPipeline.sendUpstream(DefaultChannelPipeline.java:564) [netty-3.10.4.Final.jar:na]
	at org.jboss.netty.channel.DefaultChannelPipeline$DefaultChannelHandlerContext.sendUpstream(DefaultChannelPipeline.java:791) [netty-3.10.4.Final.jar:na]
	at org.jboss.netty.channel.Channels.fireMessageReceived(Channels.java:296) [netty-3.10.4.Final.jar:na]
	at org.jboss.netty.handler.codec.frame.FrameDecoder.unfoldAndFireMessageReceived(FrameDecoder.java:459) [netty-3.10.4.Final.jar:na]
	at org.jboss.netty.handler.codec.replay.ReplayingDecoder.callDecode(ReplayingDecoder.java:536) [netty-3.10.4.Final.jar:na]
	at org.jboss.netty.handler.codec.replay.ReplayingDecoder.messageReceived(ReplayingDecoder.java:435) [netty-3.10.4.Final.jar:na]
	at org.jboss.netty.channel.SimpleChannelUpstreamHandler.handleUpstream(SimpleChannelUpstreamHandler.java:70) [netty-3.10.4.Final.jar:na]
	at org.jboss.netty.channel.DefaultChannelPipeline.sendUpstream(DefaultChannelPipeline.java:564) [netty-3.10.4.Final.jar:na]
	at org.jboss.netty.channel.DefaultChannelPipeline.sendUpstream(DefaultChannelPipeline.java:559) [netty-3.10.4.Final.jar:na]
	at org.jboss.netty.channel.Channels.fireMessageReceived(Channels.java:268) [netty-3.10.4.Final.jar:na]
	at org.jboss.netty.channel.Channels.fireMessageReceived(Channels.java:255) [netty-3.10.4.Final.jar:na]
	at org.jboss.netty.channel.socket.nio.NioWorker.read(NioWorker.java:88) [netty-3.10.4.Final.jar:na]
	at org.jboss.netty.channel.socket.nio.AbstractNioWorker.process(AbstractNioWorker.java:108) [netty-3.10.4.Final.jar:na]
	at org.jboss.netty.channel.socket.nio.AbstractNioSelector.run(AbstractNioSelector.java:337) [netty-3.10.4.Final.jar:na]
	at org.jboss.netty.channel.socket.nio.AbstractNioWorker.run(AbstractNioWorker.java:89) [netty-3.10.4.Final.jar:na]
	at org.jboss.netty.channel.socket.nio.NioWorker.run(NioWorker.java:178) [netty-3.10.4.Final.jar:na]
	at org.jboss.netty.util.ThreadRenamingRunnable.run(ThreadRenamingRunnable.java:108) [netty-3.10.4.Final.jar:na]
	at org.jboss.netty.util.internal.DeadLockProofWorker$1.run(DeadLockProofWorker.java:42) [netty-3.10.4.Final.jar:na]
	at java.util.concurrent.ThreadPoolExecutor.runWorker(ThreadPoolExecutor.java:1142) [na:1.8.0_60]
	at java.util.concurrent.ThreadPoolExecutor$Worker.run(ThreadPoolExecutor.java:617) [na:1.8.0_60]
	at java.lang.Thread.run(Thread.java:745) [na:1.8.0_60]
Caused by: java.security.PrivilegedActionException: null
	at java.security.AccessController.doPrivileged(Native Method) ~[na:1.8.0_60]
	at play.runsupport.Reloader$.play$runsupport$Reloader$$withReloaderContextClassLoader(Reloader.scala:39) ~[na:na]
	at play.runsupport.Reloader.reload(Reloader.scala:321) ~[na:na]
	at play.core.server.DevServerStart$$anonfun$mainDev$1$$anon$1$$anonfun$get$1.apply(DevServerStart.scala:113) ~[play-server_2.11-2.4.3.jar:2.4.3]
	at play.core.server.DevServerStart$$anonfun$mainDev$1$$anon$1$$anonfun$get$1.apply(DevServerStart.scala:111) ~[play-server_2.11-2.4.3.jar:2.4.3]
	at scala.concurrent.impl.Future$PromiseCompletingRunnable.liftedTree1$1(Future.scala:24) ~[scala-library-2.11.6.jar:na]
	at scala.concurrent.impl.Future$PromiseCompletingRunnable.run(Future.scala:24) ~[scala-library-2.11.6.jar:na]
	at java.util.concurrent.ForkJoinTask$RunnableExecuteAction.exec(ForkJoinTask.java:1402) ~[na:1.8.0_60]
	at java.util.concurrent.ForkJoinTask.doExec(ForkJoinTask.java:289) ~[na:1.8.0_60]
	at java.util.concurrent.ForkJoinPool$WorkQueue.runTask(ForkJoinPool.java:1056) ~[na:1.8.0_60]
	at java.util.concurrent.ForkJoinPool.runWorker(ForkJoinPool.java:1692) ~[na:1.8.0_60]
	at java.util.concurrent.ForkJoinWorkerThread.run(ForkJoinWorkerThread.java:157) ~[na:1.8.0_60]
Caused by: java.util.concurrent.TimeoutException: Futures timed out after [300000 milliseconds]
	at scala.concurrent.impl.Promise$DefaultPromise.ready(Promise.scala:219) ~[scala-library-2.11.6.jar:na]
	at scala.concurrent.impl.Promise$DefaultPromise.result(Promise.scala:223) ~[scala-library-2.11.6.jar:na]
	at scala.concurrent.Await$$anonfun$result$1.apply(package.scala:190) ~[scala-library-2.11.6.jar:na]
	at scala.concurrent.BlockContext$DefaultBlockContext$.blockOn(BlockContext.scala:53) ~[scala-library-2.11.6.jar:na]
	at scala.concurrent.Await$.result(package.scala:190) ~[scala-library-2.11.6.jar:na]
	at play.forkrun.ForkRun$$anonfun$askForReload$1.apply(ForkRun.scala:127) ~[na:na]
	at play.forkrun.ForkRun$$anonfun$askForReload$1.apply(ForkRun.scala:125) ~[na:na]
	at play.runsupport.Reloader$$anonfun$reload$1.apply(Reloader.scala:323) ~[na:na]
	at play.runsupport.Reloader$$anon$3.run(Reloader.scala:43) ~[na:na]
	... 12 common frames omitted
